# ELBREAD: Elaboration process.
# ELBREAD: Elaboration time 0.3 [s].
asim -advdataflow  uc arch_uc
# ELBREAD: Elaboration process.
# ELBREAD: Elaboration time 0.0 [s].
# asim: Stack memory: 32MB
# asim: Retval memory: 32MB
# KERNEL: Main thread initiated.
# KERNEL: Kernel process initialization phase.
# KERNEL: Time resolution set to 1ps.
# ELAB2: Elaboration final pass...
# ELAB2: Create instances ...
# ELAB2: Create instances complete.
# ELAB2: Elaboration final pass complete - time: 0.5 [s].
# KERNEL: Kernel process initialization done.
# Allocation: Simulator allocated 3518 kB (elbread=1071 elab2=1285 kernel=1162 sdf=0)
# 3:34 PM, Tuesday, May 18, 2021
# Simulation has been initialized
# Selected Top-Level: uc (arch_uc)
run 100 ns
# KERNEL: WARNING: There is an 'U'|'X'|'W'|'Z'|'-' in an arithmetic operand, the result will be 'X'(es).
# KERNEL: Time: 0 ps,  Iteration: 0,  Instance: /COMMAND_UNIT/PROGRAM_COUNTER,  Process: TC_PROC.
# KERNEL: WARNING: There is an 'U'|'X'|'W'|'Z'|'-' in an arithmetic operand, the result will be 'X'(es).
# KERNEL: Time: 0 ps,  Iteration: 0,  Instance: /COMMAND_UNIT/RAM_MEM/COUNTER_MEM,  Process: TC_PROC.
# KERNEL: WARNING: There is an 'U'|'X'|'W'|'Z'|'-' in an arithmetic operand, the result will be 'X'(es).
# KERNEL: Time: 0 ps,  Iteration: 0,  Instance: /COMMAND_UNIT/STEP_COUNTER,  Process: TC_PROC.
# KERNEL: WARNING: There is an 'U'|'X'|'W'|'Z'|'-' in an arithmetic operand, the result will be 'X'(es).
# KERNEL: Time: 0 ps,  Iteration: 1,  Instance: /COMMAND_UNIT/STEP_COUNTER,  Process: TC_PROC.
# KERNEL: stopped at time: 100 ns
run 100 ns
# KERNEL: stopped at time: 200 ns
run 100 ns
# KERNEL: stopped at time: 300 ns
endsim
# All when statements cleared.
# Simulation has been stopped
asim -advdataflow  uc arch_uc
# ELBREAD: Elaboration process.
# ELBREAD: Elaboration time 0.0 [s].
# asim: Stack memory: 32MB
# asim: Retval memory: 32MB
# KERNEL: Main thread initiated.
# KERNEL: Kernel process initialization phase.
# KERNEL: Time resolution set to 1ps.
# ELAB2: Elaboration final pass...
# ELAB2: Create instances ...
# ELAB2: Create instances complete.
# ELAB2: Elaboration final pass complete - time: 0.3 [s].
# KERNEL: Kernel process initialization done.
# Allocation: Simulator allocated 3518 kB (elbread=1071 elab2=1285 kernel=1162 sdf=0)
# 3:59 PM, Tuesday, May 18, 2021
# Simulation has been initialized
# Selected Top-Level: uc (arch_uc)
run 100 ns
# KERNEL: WARNING: There is an 'U'|'X'|'W'|'Z'|'-' in an arithmetic operand, the result will be 'X'(es).
# KERNEL: Time: 0 ps,  Iteration: 0,  Instance: /COMMAND_UNIT/PROGRAM_COUNTER,  Process: TC_PROC.
# KERNEL: WARNING: There is an 'U'|'X'|'W'|'Z'|'-' in an arithmetic operand, the result will be 'X'(es).
# KERNEL: Time: 0 ps,  Iteration: 0,  Instance: /COMMAND_UNIT/RAM_MEM/COUNTER_MEM,  Process: TC_PROC.
# KERNEL: WARNING: There is an 'U'|'X'|'W'|'Z'|'-' in an arithmetic operand, the result will be 'X'(es).
# KERNEL: Time: 0 ps,  Iteration: 0,  Instance: /COMMAND_UNIT/STEP_COUNTER,  Process: TC_PROC.
# KERNEL: WARNING: There is an 'U'|'X'|'W'|'Z'|'-' in an arithmetic operand, the result will be 'X'(es).
# KERNEL: Time: 0 ps,  Iteration: 1,  Instance: /COMMAND_UNIT/STEP_COUNTER,  Process: TC_PROC.
# KERNEL: stopped at time: 100 ns
run 100 ns
# KERNEL: stopped at time: 200 ns
run 100 ns
# KERNEL: stopped at time: 300 ns
run 100 ns
# KERNEL: stopped at time: 400 ns
run 100 ns
# KERNEL: stopped at time: 500 ns
run 100 ns
# KERNEL: stopped at time: 600 ns
run 100 ns
# KERNEL: stopped at time: 700 ns
run 100 ns
# KERNEL: stopped at time: 800 ns
run 100 ns
# KERNEL: stopped at time: 900 ns
run 100 ns
# KERNEL: stopped at time: 1 us
run 100 ns
# KERNEL: stopped at time: 1100 ns
run 100 ns
# KERNEL: stopped at time: 1200 ns
run 100 ns
# KERNEL: stopped at time: 1300 ns
run 100 ns
# KERNEL: stopped at time: 1400 ns
run 100 ns
# KERNEL: stopped at time: 1500 ns
run 100 ns
# KERNEL: stopped at time: 1600 ns
run 100 ns
# KERNEL: stopped at time: 1700 ns
run 100 ns
# KERNEL: stopped at time: 1800 ns
run 100 ns
# KERNEL: stopped at time: 1900 ns
run 100 ns
# KERNEL: stopped at time: 2 us
run 100 ns
# KERNEL: stopped at time: 2100 ns
run 100 ns
# KERNEL: stopped at time: 2200 ns
run 100 ns
# KERNEL: stopped at time: 2300 ns
run 100 ns
# KERNEL: stopped at time: 2400 ns
run 100 ns
# KERNEL: stopped at time: 2500 ns
run 100 ns
# KERNEL: stopped at time: 2600 ns
run 100 ns
# KERNEL: stopped at time: 2700 ns
run 100 ns
# KERNEL: stopped at time: 2800 ns
run 100 ns
# KERNEL: stopped at time: 2900 ns
run 100 ns
# KERNEL: stopped at time: 3 us
run 100 ns
# KERNEL: stopped at time: 3100 ns
run 100 ns
# KERNEL: stopped at time: 3200 ns
run 100 ns
# KERNEL: stopped at time: 3300 ns
run 100 ns
# KERNEL: stopped at time: 3400 ns
run 100 ns
# KERNEL: stopped at time: 3500 ns
run 100 ns
# KERNEL: stopped at time: 3600 ns
run 100 ns
# KERNEL: stopped at time: 3700 ns
run 100 ns
# KERNEL: stopped at time: 3800 ns
run 100 ns
# KERNEL: stopped at time: 3900 ns
run 100 ns
# KERNEL: stopped at time: 4 us
run 100 ns
# KERNEL: stopped at time: 4100 ns
run 100 ns
# KERNEL: stopped at time: 4200 ns
run 100 ns
# KERNEL: stopped at time: 4300 ns
run 100 ns
# KERNEL: stopped at time: 4400 ns
run 100 ns
# KERNEL: stopped at time: 4500 ns
run 100 ns
# KERNEL: stopped at time: 4600 ns
run 100 ns
# KERNEL: stopped at time: 4700 ns
run 100 ns
# KERNEL: stopped at time: 4800 ns
run 100 ns
# KERNEL: stopped at time: 4900 ns
run 100 ns
# KERNEL: stopped at time: 5 us
run 100 ns
# KERNEL: stopped at time: 5100 ns
run 100 ns
# KERNEL: stopped at time: 5200 ns
run 100 ns
# KERNEL: stopped at time: 5300 ns
run 100 ns
# KERNEL: stopped at time: 5400 ns
run 100 ns
# KERNEL: stopped at time: 5500 ns
run 100 ns
# KERNEL: stopped at time: 5600 ns
run 100 ns
# KERNEL: stopped at time: 5700 ns
run 100 ns
# KERNEL: stopped at time: 5800 ns
run 100 ns
# KERNEL: stopped at time: 5900 ns
run 100 ns
# KERNEL: stopped at time: 6 us
run 100 ns
# KERNEL: stopped at time: 6100 ns
run 100 ns
# KERNEL: stopped at time: 6200 ns
run 100 ns
# KERNEL: stopped at time: 6300 ns
run 100 ns
# KERNEL: stopped at time: 6400 ns
run 100 ns
# KERNEL: stopped at time: 6500 ns
run 100 ns
# KERNEL: stopped at time: 6600 ns
run 100 ns
# KERNEL: stopped at time: 6700 ns
run 100 ns
# KERNEL: stopped at time: 6800 ns
run 100 ns
# KERNEL: stopped at time: 6900 ns
run 100 ns
# KERNEL: stopped at time: 7 us
run 100 ns
# KERNEL: stopped at time: 7100 ns
run 100 ns
# KERNEL: stopped at time: 7200 ns
run 100 ns
# KERNEL: stopped at time: 7300 ns
run 100 ns
# KERNEL: stopped at time: 7400 ns
run 100 ns
# KERNEL: stopped at time: 7500 ns
run 100 ns
# KERNEL: stopped at time: 7600 ns
run 100 ns
# KERNEL: stopped at time: 7700 ns
run 100 ns
# KERNEL: stopped at time: 7800 ns
run 100 ns
# KERNEL: stopped at time: 7900 ns
run 100 ns
# KERNEL: stopped at time: 8 us
run 100 ns
# KERNEL: stopped at time: 8100 ns
run 100 ns
# KERNEL: stopped at time: 8200 ns
run 100 ns
# KERNEL: stopped at time: 8300 ns
run 100 ns
# KERNEL: stopped at time: 8400 ns
run 100 ns
# KERNEL: stopped at time: 8500 ns
run 100 ns
# KERNEL: stopped at time: 8600 ns
run 100 ns
# KERNEL: stopped at time: 8700 ns
run 100 ns
# KERNEL: stopped at time: 8800 ns
run 100 ns
# KERNEL: stopped at time: 8900 ns
run 100 ns
# KERNEL: stopped at time: 9 us
run 100 ns
# KERNEL: stopped at time: 9100 ns
run 100 ns
# KERNEL: stopped at time: 9200 ns
run 100 ns
# KERNEL: stopped at time: 9300 ns
run 100 ns
# KERNEL: stopped at time: 9400 ns
run 100 ns
# KERNEL: stopped at time: 9500 ns
run 100 ns
# KERNEL: stopped at time: 9600 ns
run 100 ns
# KERNEL: stopped at time: 9700 ns
run 100 ns
# KERNEL: stopped at time: 9800 ns
run 100 ns
# KERNEL: stopped at time: 9900 ns
run 100 ns
# KERNEL: stopped at time: 10 us
run 100 ns
# KERNEL: stopped at time: 10100 ns
run 100 ns
# KERNEL: stopped at time: 10200 ns
run 100 ns
# KERNEL: stopped at time: 10300 ns
run 100 ns
# KERNEL: stopped at time: 10400 ns
run 100 ns
# KERNEL: stopped at time: 10500 ns
run 100 ns
# KERNEL: stopped at time: 10600 ns
run 100 ns
# KERNEL: stopped at time: 10700 ns
run 100 ns
# KERNEL: stopped at time: 10800 ns
run 100 ns
# KERNEL: stopped at time: 10900 ns
run 100 ns
# KERNEL: stopped at time: 11 us
run 100 ns
# KERNEL: stopped at time: 11100 ns
run 100 ns
# KERNEL: stopped at time: 11200 ns
run 100 ns
# KERNEL: stopped at time: 11300 ns
run 100 ns
# KERNEL: stopped at time: 11400 ns
run 100 ns
# KERNEL: stopped at time: 11500 ns
run 100 ns
# KERNEL: stopped at time: 11600 ns
run 100 ns
# KERNEL: stopped at time: 11700 ns
run 100 ns
# KERNEL: stopped at time: 11800 ns
run 100 ns
# KERNEL: stopped at time: 11900 ns
run 100 ns
# KERNEL: stopped at time: 12 us
run 100 ns
# KERNEL: stopped at time: 12100 ns
run 100 ns
# KERNEL: stopped at time: 12200 ns
run 100 ns
# KERNEL: stopped at time: 12300 ns
run 100 ns
# KERNEL: stopped at time: 12400 ns
run 100 ns
# KERNEL: stopped at time: 12500 ns
run 100 ns
# KERNEL: stopped at time: 12600 ns
run 100 ns
# KERNEL: stopped at time: 12700 ns
run 100 ns
# KERNEL: stopped at time: 12800 ns
run 100 ns
# KERNEL: stopped at time: 12900 ns
run 100 ns
# KERNEL: stopped at time: 13 us
run 100 ns
# KERNEL: stopped at time: 13100 ns
run 100 ns
# KERNEL: stopped at time: 13200 ns
run 100 ns
# KERNEL: stopped at time: 13300 ns
run 100 ns
# KERNEL: stopped at time: 13400 ns
run 100 ns
# KERNEL: stopped at time: 13500 ns
run 100 ns
# KERNEL: stopped at time: 13600 ns
run 100 ns
# KERNEL: stopped at time: 13700 ns
run 100 ns
# KERNEL: stopped at time: 13800 ns
run 100 ns
# KERNEL: stopped at time: 13900 ns
run 100 ns
# KERNEL: stopped at time: 14 us
endsim
# All when statements cleared.
# Simulation has been stopped
asim -advdataflow  uc arch_uc
# ELBREAD: Elaboration process.
# ELBREAD: Elaboration time 0.0 [s].
# asim: Stack memory: 32MB
# asim: Retval memory: 32MB
# KERNEL: Main thread initiated.
# KERNEL: Kernel process initialization phase.
# KERNEL: Time resolution set to 1ps.
# ELAB2: Elaboration final pass...
# ELAB2: Create instances ...
# ELAB2: Create instances complete.
# ELAB2: Elaboration final pass complete - time: 0.3 [s].
# KERNEL: Kernel process initialization done.
# Allocation: Simulator allocated 3518 kB (elbread=1071 elab2=1285 kernel=1162 sdf=0)
# 5:21 PM, Tuesday, May 18, 2021
# Simulation has been initialized
# Selected Top-Level: uc (arch_uc)
run 100 ns
# KERNEL: WARNING: There is an 'U'|'X'|'W'|'Z'|'-' in an arithmetic operand, the result will be 'X'(es).
# KERNEL: Time: 0 ps,  Iteration: 0,  Instance: /COMMAND_UNIT/PROGRAM_COUNTER,  Process: TC_PROC.
# KERNEL: WARNING: There is an 'U'|'X'|'W'|'Z'|'-' in an arithmetic operand, the result will be 'X'(es).
# KERNEL: Time: 0 ps,  Iteration: 0,  Instance: /COMMAND_UNIT/RAM_MEM/COUNTER_MEM,  Process: TC_PROC.
# KERNEL: WARNING: There is an 'U'|'X'|'W'|'Z'|'-' in an arithmetic operand, the result will be 'X'(es).
# KERNEL: Time: 0 ps,  Iteration: 0,  Instance: /COMMAND_UNIT/STEP_COUNTER,  Process: TC_PROC.
# KERNEL: WARNING: There is an 'U'|'X'|'W'|'Z'|'-' in an arithmetic operand, the result will be 'X'(es).
# KERNEL: Time: 0 ps,  Iteration: 1,  Instance: /COMMAND_UNIT/STEP_COUNTER,  Process: TC_PROC.
# KERNEL: stopped at time: 100 ns
run 100 ns
# KERNEL: stopped at time: 200 ns
run 100 ns
# KERNEL: stopped at time: 300 ns
run 100 ns
# KERNEL: stopped at time: 400 ns
run 100 ns
# KERNEL: stopped at time: 500 ns
run 100 ns
# KERNEL: stopped at time: 600 ns
run 100 ns
# KERNEL: stopped at time: 700 ns
run 100 ns
# KERNEL: stopped at time: 800 ns
run 100 ns
# KERNEL: stopped at time: 900 ns
run 100 ns
# KERNEL: stopped at time: 1 us
run 100 ns
# KERNEL: stopped at time: 1100 ns
run 100 ns
# KERNEL: stopped at time: 1200 ns
run 100 ns
# KERNEL: stopped at time: 1300 ns
run 100 ns
# KERNEL: stopped at time: 1400 ns
run 100 ns
# KERNEL: stopped at time: 1500 ns
run 100 ns
# KERNEL: stopped at time: 1600 ns
run 100 ns
# KERNEL: stopped at time: 1700 ns
run 100 ns
# KERNEL: stopped at time: 1800 ns
run 100 ns
# KERNEL: stopped at time: 1900 ns
run 100 ns
# KERNEL: stopped at time: 2 us
run 100 ns
# KERNEL: stopped at time: 2100 ns
run 100 ns
# KERNEL: stopped at time: 2200 ns
run 100 ns
# KERNEL: stopped at time: 2300 ns
run 100 ns
# KERNEL: stopped at time: 2400 ns
run 100 ns
# KERNEL: stopped at time: 2500 ns
run 100 ns
# KERNEL: stopped at time: 2600 ns
run 100 ns
# KERNEL: stopped at time: 2700 ns
run 100 ns
# KERNEL: stopped at time: 2800 ns
run 100 ns
# KERNEL: stopped at time: 2900 ns
run 100 ns
# KERNEL: stopped at time: 3 us
run 100 ns
# KERNEL: stopped at time: 3100 ns
run 100 ns
# KERNEL: stopped at time: 3200 ns
run 100 ns
# KERNEL: stopped at time: 3300 ns
run 100 ns
# KERNEL: stopped at time: 3400 ns
run 100 ns
# KERNEL: stopped at time: 3500 ns
run 100 ns
# KERNEL: stopped at time: 3600 ns
run 100 ns
# KERNEL: stopped at time: 3700 ns
run 100 ns
# KERNEL: stopped at time: 3800 ns
run 100 ns
# KERNEL: stopped at time: 3900 ns
run 100 ns
run 100 ns
# KERNEL: stopped at time: 4 us
run 100 ns
# KERNEL: stopped at time: 4100 ns
run 100 ns
# KERNEL: stopped at time: 4200 ns
run 100 ns
# KERNEL: stopped at time: 4300 ns
run 100 ns
# KERNEL: stopped at time: 4400 ns
run 100 ns
# KERNEL: stopped at time: 4500 ns
run 100 ns
# KERNEL: stopped at time: 4600 ns
run 100 ns
# KERNEL: stopped at time: 4700 ns
run 100 ns
# KERNEL: stopped at time: 4800 ns
run 100 ns
# KERNEL: stopped at time: 4900 ns
run 100 ns
# KERNEL: stopped at time: 5 us
run 100 ns
# KERNEL: stopped at time: 5100 ns
run 100 ns
# KERNEL: stopped at time: 5200 ns
run 100 ns
# KERNEL: stopped at time: 5300 ns
run 100 ns
# KERNEL: stopped at time: 5400 ns
run 100 ns
# KERNEL: stopped at time: 5500 ns
run 100 ns
# KERNEL: stopped at time: 5600 ns
run 100 ns
# KERNEL: stopped at time: 5700 ns
run 100 ns
# KERNEL: stopped at time: 5800 ns
run 100 ns
# KERNEL: stopped at time: 5900 ns
run 100 ns
# KERNEL: stopped at time: 6 us
run 100 ns
# KERNEL: stopped at time: 6100 ns
run 100 ns
# KERNEL: stopped at time: 6200 ns
run 100 ns
# KERNEL: stopped at time: 6300 ns
run 100 ns
# KERNEL: stopped at time: 6400 ns
run 100 ns
# KERNEL: stopped at time: 6500 ns
run 100 ns
# KERNEL: stopped at time: 6600 ns
run 100 ns
# KERNEL: stopped at time: 6700 ns
run 100 ns
# KERNEL: stopped at time: 6800 ns
run 100 ns
# KERNEL: stopped at time: 6900 ns
run 100 ns
# KERNEL: stopped at time: 7 us
run 100 ns
# KERNEL: stopped at time: 7100 ns
run 100 ns
# KERNEL: stopped at time: 7200 ns
run 100 ns
# KERNEL: stopped at time: 7300 ns
endsim
# All when statements cleared.
# Simulation has been stopped
asim -advdataflow  uc arch_uc
# ELBREAD: Elaboration process.
# ELBREAD: Elaboration time 0.0 [s].
# asim: Stack memory: 32MB
# asim: Retval memory: 32MB
# KERNEL: Main thread initiated.
# KERNEL: Kernel process initialization phase.
# KERNEL: Time resolution set to 1ps.
# ELAB2: Elaboration final pass...
# ELAB2: Create instances ...
# ELAB2: Create instances complete.
# ELAB2: Elaboration final pass complete - time: 0.3 [s].
# KERNEL: Kernel process initialization done.
# Allocation: Simulator allocated 3518 kB (elbread=1071 elab2=1285 kernel=1162 sdf=0)
# 7:32 PM, Tuesday, May 18, 2021
# Simulation has been initialized
# Selected Top-Level: uc (arch_uc)
run 100 ns
# KERNEL: WARNING: There is an 'U'|'X'|'W'|'Z'|'-' in an arithmetic operand, the result will be 'X'(es).
# KERNEL: Time: 0 ps,  Iteration: 0,  Instance: /COMMAND_UNIT/PROGRAM_COUNTER,  Process: TC_PROC.
# KERNEL: WARNING: There is an 'U'|'X'|'W'|'Z'|'-' in an arithmetic operand, the result will be 'X'(es).
# KERNEL: Time: 0 ps,  Iteration: 0,  Instance: /COMMAND_UNIT/RAM_MEM/COUNTER_MEM,  Process: TC_PROC.
# KERNEL: WARNING: There is an 'U'|'X'|'W'|'Z'|'-' in an arithmetic operand, the result will be 'X'(es).
# KERNEL: Time: 0 ps,  Iteration: 0,  Instance: /COMMAND_UNIT/STEP_COUNTER,  Process: TC_PROC.
# KERNEL: WARNING: There is an 'U'|'X'|'W'|'Z'|'-' in an arithmetic operand, the result will be 'X'(es).
# KERNEL: Time: 0 ps,  Iteration: 1,  Instance: /COMMAND_UNIT/STEP_COUNTER,  Process: TC_PROC.
# KERNEL: stopped at time: 100 ns
run 100 ns
# KERNEL: stopped at time: 200 ns
run 100 ns
# KERNEL: stopped at time: 300 ns
run 100 ns
# KERNEL: stopped at time: 400 ns
run 100 ns
# KERNEL: stopped at time: 500 ns
run 100 ns
# KERNEL: stopped at time: 600 ns
run 100 ns
# KERNEL: stopped at time: 700 ns
endsim
# All when statements cleared.
# Simulation has been stopped
asim -advdataflow  uc arch_uc
# ELBREAD: Elaboration process.
# ELBREAD: Elaboration time 0.0 [s].
# asim: Stack memory: 32MB
# asim: Retval memory: 32MB
# KERNEL: Main thread initiated.
# KERNEL: Kernel process initialization phase.
# KERNEL: Time resolution set to 1ps.
# ELAB2: Elaboration final pass...
# ELAB2: Create instances ...
# ELAB2: Create instances complete.
# ELAB2: Elaboration final pass complete - time: 0.3 [s].
# KERNEL: Kernel process initialization done.
# Allocation: Simulator allocated 3518 kB (elbread=1071 elab2=1285 kernel=1162 sdf=0)
# 7:36 PM, Tuesday, May 18, 2021
# Simulation has been initialized
# Selected Top-Level: uc (arch_uc)
run 100 ns
# KERNEL: WARNING: There is an 'U'|'X'|'W'|'Z'|'-' in an arithmetic operand, the result will be 'X'(es).
# KERNEL: Time: 0 ps,  Iteration: 0,  Instance: /COMMAND_UNIT/PROGRAM_COUNTER,  Process: TC_PROC.
# KERNEL: WARNING: There is an 'U'|'X'|'W'|'Z'|'-' in an arithmetic operand, the result will be 'X'(es).
# KERNEL: Time: 0 ps,  Iteration: 0,  Instance: /COMMAND_UNIT/RAM_MEM/COUNTER_MEM,  Process: TC_PROC.
# KERNEL: WARNING: There is an 'U'|'X'|'W'|'Z'|'-' in an arithmetic operand, the result will be 'X'(es).
# KERNEL: Time: 0 ps,  Iteration: 0,  Instance: /COMMAND_UNIT/STEP_COUNTER,  Process: TC_PROC.
# KERNEL: WARNING: There is an 'U'|'X'|'W'|'Z'|'-' in an arithmetic operand, the result will be 'X'(es).
# KERNEL: Time: 0 ps,  Iteration: 1,  Instance: /COMMAND_UNIT/STEP_COUNTER,  Process: TC_PROC.
# KERNEL: stopped at time: 100 ns
run 100 ns
# KERNEL: stopped at time: 200 ns
run 100 ns
# KERNEL: stopped at time: 300 ns
run 100 ns
# KERNEL: stopped at time: 400 ns
run 100 ns
# KERNEL: stopped at time: 500 ns
run 100 ns
# KERNEL: stopped at time: 600 ns
run 100 ns
# KERNEL: stopped at time: 700 ns
run 100 ns
# KERNEL: stopped at time: 800 ns
run 100 ns
# KERNEL: stopped at time: 900 ns
run 100 ns
# KERNEL: stopped at time: 1 us
run 100 ns
# KERNEL: stopped at time: 1100 ns
run 100 ns
# KERNEL: stopped at time: 1200 ns
run 100 ns
# KERNEL: stopped at time: 1300 ns
run 100 ns
# KERNEL: stopped at time: 1400 ns
run 100 ns
# KERNEL: stopped at time: 1500 ns
run 100 ns
# KERNEL: stopped at time: 1600 ns
run 100 ns
# KERNEL: stopped at time: 1700 ns
run 100 ns
# KERNEL: stopped at time: 1800 ns
run 100 ns
# KERNEL: stopped at time: 1900 ns
run 100 ns
# KERNEL: stopped at time: 2 us
run 100 ns
# KERNEL: stopped at time: 2100 ns
run 100 ns
# KERNEL: stopped at time: 2200 ns
run 100 ns
# KERNEL: stopped at time: 2300 ns
run 100 ns
# KERNEL: stopped at time: 2400 ns
run 100 ns
run 100 ns
run 100 ns
run 100 ns
# KERNEL: stopped at time: 2500 ns
run 100 ns
# KERNEL: stopped at time: 2600 ns
run 100 ns
# KERNEL: stopped at time: 2700 ns
run 100 ns
# KERNEL: stopped at time: 2800 ns
run 100 ns
# KERNEL: stopped at time: 2900 ns
run 100 ns
# KERNEL: stopped at time: 3 us
run 100 ns
# KERNEL: stopped at time: 3100 ns
run 100 ns
# KERNEL: stopped at time: 3200 ns
run 100 ns
# KERNEL: stopped at time: 3300 ns
run 100 ns
# KERNEL: stopped at time: 3400 ns
run 100 ns
# KERNEL: stopped at time: 3500 ns
run 100 ns
# KERNEL: stopped at time: 3600 ns
run 100 ns
# KERNEL: stopped at time: 3700 ns
run 100 ns
# KERNEL: stopped at time: 3800 ns
run 100 ns
# KERNEL: stopped at time: 3900 ns
run 100 ns
# KERNEL: stopped at time: 4 us
run 100 ns
# KERNEL: stopped at time: 4100 ns
run 100 ns
# KERNEL: stopped at time: 4200 ns
run 100 ns
# KERNEL: stopped at time: 4300 ns
run 100 ns
# KERNEL: stopped at time: 4400 ns
run 100 ns
# KERNEL: stopped at time: 4500 ns
run 100 ns
# KERNEL: stopped at time: 4600 ns
run 100 ns
# KERNEL: stopped at time: 4700 ns
run 100 ns
# KERNEL: stopped at time: 4800 ns
run 100 ns
# KERNEL: stopped at time: 4900 ns
run 100 ns
# KERNEL: stopped at time: 5 us
run 100 ns
# KERNEL: stopped at time: 5100 ns
run 100 ns
# KERNEL: stopped at time: 5200 ns
run 100 ns
# KERNEL: stopped at time: 5300 ns
run 100 ns
# KERNEL: stopped at time: 5400 ns
run 100 ns
# KERNEL: stopped at time: 5500 ns
run 100 ns
# KERNEL: stopped at time: 5600 ns
run 100 ns
# KERNEL: stopped at time